c:\users\user\downloads\final v3.02\assignment\assignment\x64\debug\vc143.pdb
c:\users\user\downloads\final v3.02\assignment\assignment\x64\debug\vc143.idb
c:\users\user\downloads\final v3.02\assignment\assignment\x64\debug\sequence_mode.obj
c:\users\user\downloads\final v3.02\assignment\assignment\x64\debug\omp_mode.obj
c:\users\user\downloads\final v3.02\assignment\assignment\x64\debug\mpi_mode.obj
c:\users\user\downloads\final v3.02\assignment\assignment\x64\debug\main.obj
c:\users\user\downloads\final v3.02\assignment\assignment\x64\debug\cuda_mode.cu.obj
c:\users\user\downloads\final v3.02\assignment\x64\debug\assignment.exe
c:\users\user\downloads\final v3.02\assignment\x64\debug\assignment.pdb
d:\2_code\pc\assignment\assignment\x64\debug\cuda_mode.cu.cache
d:\2_code\pc\assignment\assignment\x64\debug\cuda_mode.cu.obj
d:\2_code\pc\assignment\assignment\x64\debug\main.obj
d:\2_code\pc\assignment\assignment\x64\debug\mpi_mode.obj
d:\2_code\pc\assignment\assignment\x64\debug\omp_mode.obj
d:\2_code\pc\assignment\assignment\x64\debug\sequence_mode.obj
d:\2_code\pc\assignment\assignment\x64\debug\assignment.ilk
d:\2_code\pc\assignment\assignment\x64\debug\vc143.idb
d:\2_code\pc\assignment\assignment\x64\debug\vc143.pdb
d:\2_code\pc\assignment\x64\debug\assignment.exe
d:\2_code\pc\assignment\assignment\x64\debug\assignment.tlog\cl.command.1.tlog
d:\2_code\pc\assignment\assignment\x64\debug\assignment.tlog\cl.items.tlog
d:\2_code\pc\assignment\assignment\x64\debug\assignment.tlog\cl.read.1.tlog
d:\2_code\pc\assignment\assignment\x64\debug\assignment.tlog\cl.write.1.tlog
d:\2_code\pc\assignment\assignment\x64\debug\assignment.tlog\cudacompile.read.1u.tlog
d:\2_code\pc\assignment\assignment\x64\debug\assignment.tlog\cudacompile.write.1u.tlog
d:\2_code\pc\assignment\assignment\x64\debug\assignment.tlog\link.command.1.tlog
d:\2_code\pc\assignment\assignment\x64\debug\assignment.tlog\link.read.1.tlog
d:\2_code\pc\assignment\assignment\x64\debug\assignment.tlog\link.secondary.1.tlog
d:\2_code\pc\assignment\assignment\x64\debug\assignment.tlog\link.write.1.tlog
